<?xml version="1.0" encoding="UTF-8"?>
<!-- Generated by org.testng.reporters.JUnitXMLReporter -->
<testsuite ignored="0" hostname="DESKTOP-I60UEG5" failures="1" tests="1" name="Test" time="15.191" errors="0" timestamp="2024-12-27T12:36:05 IST">
  <testcase classname="testCases.TC_SearchPage" name="verifySearchProduct" time="4.774">
    <failure type="java.lang.AssertionError" message="expected [true] but found [false]">
      <![CDATA[java.lang.AssertionError: expected [true] but found [false]
at testCases.TC_SearchPage.verifySearchProduct(TC_SearchPage.java:43)
at java.base/java.util.ArrayList.forEach(ArrayList.java:1597)
... Removed 29 stack frames]]>
    </failure>
  </testcase> <!-- verifySearchProduct -->
</testsuite> <!-- Test -->
